I, [2014-11-17T16:42:01.688543 #15000]  INFO -- omniauth: (facebook) Request phase initiated.
I, [2014-11-17T16:42:14.958255 #14991]  INFO -- omniauth: (facebook) Request phase initiated.
I, [2014-11-17T16:42:53.809907 #14991]  INFO -- omniauth: (facebook) Request phase initiated.
I, [2014-11-17T16:44:24.090139 #15000]  INFO -- omniauth: (facebook) Request phase initiated.
I, [2014-11-17T16:48:58.163080 #14991]  INFO -- omniauth: (facebook) Request phase initiated.
I, [2014-11-17T17:10:15.357089 #14994]  INFO -- omniauth: (facebook) Request phase initiated.
I, [2014-11-17T17:52:27.305653 #15000]  INFO -- omniauth: (facebook) Request phase initiated.
I, [2014-11-19T09:38:36.146049 #15000]  INFO -- omniauth: (facebook) Request phase initiated.
I, [2014-11-20T09:28:07.312788 #18186]  INFO -- omniauth: (cas) Request phase initiated.
I, [2014-11-20T09:28:18.579680 #18186]  INFO -- omniauth: (cas) Callback phase initiated.
I, [2014-11-20T09:39:01.403586 #18186]  INFO -- omniauth: (cas) Request phase initiated.
I, [2014-11-20T09:39:02.233912 #18189]  INFO -- omniauth: (cas) Callback phase initiated.
I, [2014-11-20T10:18:13.942504 #18181]  INFO -- omniauth: (cas) Request phase initiated.
I, [2014-11-20T10:18:14.013492 #18181]  INFO -- omniauth: (cas) Callback phase initiated.
I, [2014-11-20T10:18:48.536022 #18184]  INFO -- omniauth: (cas) Request phase initiated.
I, [2014-11-20T10:18:48.619078 #18184]  INFO -- omniauth: (cas) Callback phase initiated.
I, [2014-11-20T10:21:13.988476 #18189]  INFO -- omniauth: (cas) Request phase initiated.
I, [2014-11-20T10:21:14.063551 #18189]  INFO -- omniauth: (cas) Callback phase initiated.
I, [2014-11-20T10:25:58.134063 #18181]  INFO -- omniauth: (cas) Request phase initiated.
I, [2014-11-20T10:26:07.710970 #18181]  INFO -- omniauth: (cas) Callback phase initiated.
I, [2014-11-20T10:38:20.952915 #18181]  INFO -- omniauth: (cas) Request phase initiated.
I, [2014-11-20T10:38:28.816679 #18189]  INFO -- omniauth: (cas) Callback phase initiated.
I, [2014-11-20T10:38:42.907202 #18189]  INFO -- omniauth: (cas) Request phase initiated.
I, [2014-11-20T10:38:43.000426 #18189]  INFO -- omniauth: (cas) Callback phase initiated.
I, [2014-11-20T10:39:50.254983 #18186]  INFO -- omniauth: (cas) Request phase initiated.
I, [2014-11-20T10:39:50.793848 #18186]  INFO -- omniauth: (cas) Callback phase initiated.
I, [2014-11-20T10:39:59.373559 #18181]  INFO -- omniauth: (cas) Request phase initiated.
I, [2014-11-20T10:40:31.161536 #18181]  INFO -- omniauth: (cas) Request phase initiated.
I, [2014-11-20T10:41:21.606939 #18184]  INFO -- omniauth: (cas) Request phase initiated.
I, [2014-11-20T10:42:06.233211 #19806]  INFO -- omniauth: (cas) Request phase initiated.
I, [2014-11-20T10:42:20.916875 #19806]  INFO -- omniauth: (cas) Callback phase initiated.
E, [2014-11-20T10:42:21.087584 #19806] ERROR -- omniauth: (cas) Authentication failure! invalid_ticket: OmniAuth::Strategies::CAS::InvalidCASTicket, Invalid CAS Ticket
I, [2014-11-20T10:50:47.399271 #20710]  INFO -- omniauth: (cas) Request phase initiated.
I, [2014-11-20T10:52:36.835250 #20798]  INFO -- omniauth: (cas) Request phase initiated.
I, [2014-11-20T10:52:36.921916 #20798]  INFO -- omniauth: (cas) Callback phase initiated.
I, [2014-11-20T11:01:17.110536 #20801]  INFO -- omniauth: (cas) Request phase initiated.
I, [2014-11-20T11:01:17.177847 #20801]  INFO -- omniauth: (cas) Callback phase initiated.
I, [2014-11-20T11:02:09.970637 #21085]  INFO -- omniauth: (cas) Request phase initiated.
I, [2014-11-20T11:02:10.188758 #21085]  INFO -- omniauth: (cas) Callback phase initiated.
I, [2014-11-20T11:02:29.707225 #21076]  INFO -- omniauth: (cas) Request phase initiated.
I, [2014-11-20T11:02:29.787935 #21076]  INFO -- omniauth: (cas) Callback phase initiated.
I, [2014-11-20T11:02:40.122464 #21076]  INFO -- omniauth: (cas) Request phase initiated.
I, [2014-11-20T11:02:40.219390 #21076]  INFO -- omniauth: (cas) Callback phase initiated.
I, [2014-11-20T11:03:26.355672 #21210]  INFO -- omniauth: (cas) Request phase initiated.
I, [2014-11-20T11:03:26.431014 #21210]  INFO -- omniauth: (cas) Callback phase initiated.
I, [2014-11-20T11:03:53.327654 #21213]  INFO -- omniauth: (cas) Request phase initiated.
I, [2014-11-20T11:03:53.408441 #21216]  INFO -- omniauth: (cas) Callback phase initiated.
I, [2014-11-20T11:06:12.223096 #21415]  INFO -- omniauth: (cas) Request phase initiated.
I, [2014-11-20T11:06:12.313127 #21415]  INFO -- omniauth: (cas) Callback phase initiated.
I, [2014-11-20T11:12:54.401710 #21760]  INFO -- omniauth: (cas) Request phase initiated.
I, [2014-11-20T11:12:54.527688 #21760]  INFO -- omniauth: (cas) Callback phase initiated.
I, [2014-11-20T11:13:36.819029 #21754]  INFO -- omniauth: (cas) Request phase initiated.
I, [2014-11-20T11:13:43.934019 #21760]  INFO -- omniauth: (cas) Callback phase initiated.
I, [2014-11-20T11:19:04.711437 #21751]  INFO -- omniauth: (cas) Request phase initiated.
I, [2014-11-20T11:19:04.792513 #21751]  INFO -- omniauth: (cas) Callback phase initiated.
I, [2014-11-20T11:20:20.894361 #22409]  INFO -- omniauth: (cas) Request phase initiated.
I, [2014-11-20T11:20:20.976985 #22409]  INFO -- omniauth: (cas) Callback phase initiated.
I, [2014-11-20T11:20:57.408174 #22400]  INFO -- omniauth: (cas) Request phase initiated.
I, [2014-11-20T11:20:57.482588 #22406]  INFO -- omniauth: (cas) Callback phase initiated.
I, [2014-11-20T11:21:04.977540 #22400]  INFO -- omniauth: (cas) Request phase initiated.
I, [2014-11-20T11:21:05.051087 #22400]  INFO -- omniauth: (cas) Callback phase initiated.
I, [2014-11-20T11:44:15.339370 #22400]  INFO -- omniauth: (cas) Request phase initiated.
I, [2014-11-20T11:44:21.112512 #22400]  INFO -- omniauth: (cas) Callback phase initiated.
I, [2014-11-20T12:02:49.261956 #22409]  INFO -- omniauth: (cas) Request phase initiated.
I, [2014-11-20T12:02:49.484207 #22409]  INFO -- omniauth: (cas) Callback phase initiated.
I, [2014-11-20T12:03:17.806134 #22409]  INFO -- omniauth: (cas) Request phase initiated.
I, [2014-11-20T12:03:17.879190 #22406]  INFO -- omniauth: (cas) Callback phase initiated.
I, [2014-11-20T12:03:34.082835 #22403]  INFO -- omniauth: (cas) Request phase initiated.
I, [2014-11-20T12:03:34.198197 #22406]  INFO -- omniauth: (cas) Callback phase initiated.
I, [2014-11-20T12:05:00.635925 #22406]  INFO -- omniauth: (cas) Request phase initiated.
I, [2014-11-20T12:05:00.724290 #22400]  INFO -- omniauth: (cas) Callback phase initiated.
I, [2014-11-20T12:05:39.363015 #22406]  INFO -- omniauth: (cas) Request phase initiated.
I, [2014-11-20T12:05:39.429136 #22406]  INFO -- omniauth: (cas) Callback phase initiated.
I, [2014-11-20T12:05:42.337652 #22403]  INFO -- omniauth: (cas) Request phase initiated.
I, [2014-11-20T12:05:42.416995 #22403]  INFO -- omniauth: (cas) Callback phase initiated.
I, [2014-11-20T12:05:44.371093 #22406]  INFO -- omniauth: (cas) Request phase initiated.
I, [2014-11-20T12:05:44.422831 #22406]  INFO -- omniauth: (cas) Callback phase initiated.
I, [2014-11-20T12:05:46.557851 #22403]  INFO -- omniauth: (cas) Request phase initiated.
I, [2014-11-20T12:05:46.705451 #22409]  INFO -- omniauth: (cas) Callback phase initiated.
I, [2014-11-20T12:08:20.515471 #23426]  INFO -- omniauth: (cas) Request phase initiated.
I, [2014-11-20T12:08:29.420131 #23426]  INFO -- omniauth: (cas) Callback phase initiated.
I, [2014-11-20T12:10:15.394071 #23507]  INFO -- omniauth: (cas) Request phase initiated.
I, [2014-11-20T12:10:21.459491 #23504]  INFO -- omniauth: (cas) Callback phase initiated.
I, [2014-11-20T12:10:39.027091 #23512]  INFO -- omniauth: (cas) Request phase initiated.
I, [2014-11-20T12:10:47.074366 #23512]  INFO -- omniauth: (cas) Callback phase initiated.
I, [2014-11-20T12:12:37.094575 #23510]  INFO -- omniauth: (cas) Request phase initiated.
I, [2014-11-20T12:13:30.186932 #23663]  INFO -- omniauth: (cas) Request phase initiated.
I, [2014-11-20T12:13:38.052557 #23663]  INFO -- omniauth: (cas) Callback phase initiated.
I, [2014-11-20T12:15:50.034379 #23809]  INFO -- omniauth: (cas) Request phase initiated.
I, [2014-11-20T12:15:55.040643 #23809]  INFO -- omniauth: (cas) Callback phase initiated.
I, [2014-11-20T12:19:30.518236 #23891]  INFO -- omniauth: (cas) Request phase initiated.
I, [2014-11-20T12:19:37.393388 #23894]  INFO -- omniauth: (cas) Callback phase initiated.
I, [2014-11-20T12:33:29.534521 #23900]  INFO -- omniauth: (cas) Request phase initiated.
I, [2014-11-20T12:33:35.943174 #23900]  INFO -- omniauth: (cas) Callback phase initiated.
I, [2014-11-20T12:35:00.943029 #24322]  INFO -- omniauth: (cas) Request phase initiated.
I, [2014-11-20T12:35:08.856641 #24328]  INFO -- omniauth: (cas) Callback phase initiated.
I, [2014-11-20T12:37:00.433646 #24328]  INFO -- omniauth: (cas) Request phase initiated.
I, [2014-11-20T12:37:07.238325 #24328]  INFO -- omniauth: (cas) Callback phase initiated.
I, [2014-11-20T12:38:10.883584 #24476]  INFO -- omniauth: (cas) Request phase initiated.
I, [2014-11-20T12:38:16.486822 #24476]  INFO -- omniauth: (cas) Callback phase initiated.
1
1
I, [2014-11-20T12:47:37.233534 #24558]  INFO -- omniauth: (cas) Request phase initiated.
I, [2014-11-20T12:47:42.401297 #24558]  INFO -- omniauth: (cas) Callback phase initiated.
I, [2014-11-20T12:47:52.959625 #24564]  INFO -- omniauth: (cas) Request phase initiated.
I, [2014-11-20T12:47:58.338082 #24558]  INFO -- omniauth: (cas) Callback phase initiated.
I, [2014-11-20T12:48:29.430802 #24558]  INFO -- omniauth: (cas) Request phase initiated.
I, [2014-11-20T12:48:29.506659 #24558]  INFO -- omniauth: (cas) Callback phase initiated.
I, [2014-11-20T14:04:38.219469 #24555]  INFO -- omniauth: (cas) Request phase initiated.
I, [2014-11-20T14:04:46.397933 #24555]  INFO -- omniauth: (cas) Callback phase initiated.
I, [2014-11-20T14:05:06.541966 #24558]  INFO -- omniauth: (cas) Request phase initiated.
I, [2014-11-20T14:05:12.853862 #24558]  INFO -- omniauth: (cas) Callback phase initiated.
I, [2014-11-20T14:19:52.114023 #24558]  INFO -- omniauth: (cas) Request phase initiated.
I, [2014-11-20T14:20:04.775868 #24558]  INFO -- omniauth: (cas) Callback phase initiated.
I, [2014-11-20T14:36:50.977116 #24558]  INFO -- omniauth: (cas) Request phase initiated.
I, [2014-11-20T14:36:51.147190 #24564]  INFO -- omniauth: (cas) Callback phase initiated.
I, [2014-11-20T15:31:34.819988 #24564]  INFO -- omniauth: (cas) Request phase initiated.
I, [2014-11-20T15:31:40.924507 #24555]  INFO -- omniauth: (cas) Callback phase initiated.
I, [2014-11-20T15:32:02.238751 #24564]  INFO -- omniauth: (cas) Request phase initiated.
I, [2014-11-20T15:32:08.285143 #24564]  INFO -- omniauth: (cas) Callback phase initiated.
I, [2014-11-20T16:04:20.526947 #28407]  INFO -- omniauth: (cas) Request phase initiated.
I, [2014-11-20T16:04:26.334478 #28407]  INFO -- omniauth: (cas) Callback phase initiated.
I, [2014-11-20T16:55:27.504432 #28410]  INFO -- omniauth: (cas) Request phase initiated.
I, [2014-11-20T16:55:37.092380 #28407]  INFO -- omniauth: (cas) Callback phase initiated.
I, [2014-11-21T07:08:55.698964 #28407]  INFO -- omniauth: (cas) Request phase initiated.
I, [2014-11-21T07:09:06.104599 #28407]  INFO -- omniauth: (cas) Callback phase initiated.
I, [2014-11-30T09:17:46.911570 #28407]  INFO -- omniauth: (cas) Request phase initiated.
I, [2015-01-30T06:41:42.635983 #28410]  INFO -- omniauth: (cas) Request phase initiated.
I, [2015-01-30T06:41:50.823736 #28410]  INFO -- omniauth: (cas) Callback phase initiated.
I, [2015-05-18T09:53:23.809100 #28413]  INFO -- omniauth: (cas) Request phase initiated.
I, [2015-05-18T09:53:34.934487 #28410]  INFO -- omniauth: (cas) Callback phase initiated.
I, [2015-05-18T11:06:45.716385 #28407]  INFO -- omniauth: (cas) Request phase initiated.
I, [2015-05-18T11:06:49.652084 #28407]  INFO -- omniauth: (cas) Callback phase initiated.
I, [2015-05-18T12:02:00.303934 #28404]  INFO -- omniauth: (cas) Request phase initiated.
I, [2015-05-18T12:02:00.404245 #28407]  INFO -- omniauth: (cas) Request phase initiated.
I, [2015-05-18T14:18:11.092037 #28404]  INFO -- omniauth: (cas) Request phase initiated.
I, [2015-05-18T14:18:16.966811 #28404]  INFO -- omniauth: (cas) Callback phase initiated.
I, [2015-05-18T16:41:55.161327 #28404]  INFO -- omniauth: (cas) Request phase initiated.
I, [2015-05-18T16:41:55.258942 #28404]  INFO -- omniauth: (cas) Request phase initiated.
I, [2015-05-18T16:45:29.437573 #28413]  INFO -- omniauth: (cas) Request phase initiated.
I, [2015-05-18T16:45:29.545709 #28410]  INFO -- omniauth: (cas) Callback phase initiated.
I, [2015-05-18T16:45:44.085516 #28413]  INFO -- omniauth: (cas) Request phase initiated.
I, [2015-05-18T16:46:10.001020 #28410]  INFO -- omniauth: (cas) Request phase initiated.
I, [2015-06-05T10:21:41.638042 #28407]  INFO -- omniauth: (cas) Request phase initiated.
Exiting
Exiting
Exiting
I, [2015-06-07T17:04:51.134279 #28407]  INFO -- omniauth: (cas) Request phase initiated.
Exiting
Exiting
Exiting
Exiting
Exiting
Exiting
Exiting
Exiting
Exiting
Exiting
Exiting
Exiting
Exiting
Exiting
Exiting
Exiting
Exiting
Exiting
Exiting
Exiting
Exiting
Exiting
I, [2015-06-08T12:09:54.222392 #28404]  INFO -- omniauth: (cas) Request phase initiated.
Exiting
Exiting
Exiting
Exiting
I, [2015-06-08T12:19:53.817016 #28413]  INFO -- omniauth: (cas) Request phase initiated.
I, [2015-06-08T12:21:33.644561 #28404]  INFO -- omniauth: (cas) Callback phase initiated.
I, [2015-06-08T12:26:03.826702 #28404]  INFO -- omniauth: (cas) Request phase initiated.
I, [2015-06-08T15:29:07.028475 #28410]  INFO -- omniauth: (cas) Request phase initiated.
I, [2015-06-08T15:29:14.834702 #28410]  INFO -- omniauth: (cas) Callback phase initiated.
Exiting
Exiting
Exiting
Exiting
Exiting
Exiting
Exiting
Exiting
Exiting
I, [2015-06-08T17:25:01.879286 #28404]  INFO -- omniauth: (cas) Request phase initiated.
I, [2015-06-08T17:25:08.241593 #28404]  INFO -- omniauth: (cas) Callback phase initiated.
I, [2015-06-09T14:32:29.447080 #28413]  INFO -- omniauth: (cas) Request phase initiated.
I, [2015-06-09T14:32:37.833968 #28410]  INFO -- omniauth: (cas) Callback phase initiated.
Exiting
Exiting
I, [2015-06-09T16:04:42.261234 #28413]  INFO -- omniauth: (cas) Request phase initiated.
Exiting
Exiting
Exiting
Exiting
Exiting
Exiting
Exiting
Exiting
Exiting
Exiting
Exiting
Exiting
Exiting
Exiting
Exiting
Exiting
Exiting
Exiting
Exiting
Exiting
Exiting
Exiting
Exiting
Exiting
Exiting
Exiting
I, [2015-06-10T12:37:05.542508 #28413]  INFO -- omniauth: (cas) Request phase initiated.
I, [2015-06-10T12:37:12.859451 #28413]  INFO -- omniauth: (cas) Callback phase initiated.
Exiting
Exiting
Exiting
Exiting
Exiting
Exiting
Exiting
Exiting
Exiting
Exiting
Exiting
Exiting
Exiting
Exiting
Exiting
Exiting
Exiting
Exiting
Exiting
Exiting
Exiting
Exiting
Exiting
Exiting
Exiting
Exiting
Exiting
Exiting
Exiting
Exiting
Exiting
Exiting
I, [2015-06-11T09:20:18.144063 #28407]  INFO -- omniauth: (cas) Request phase initiated.
I, [2015-06-11T09:20:26.564689 #28407]  INFO -- omniauth: (cas) Callback phase initiated.
Exiting
I, [2015-06-12T14:19:23.467491 #28404]  INFO -- omniauth: (cas) Request phase initiated.
I, [2015-06-12T14:19:31.220561 #28404]  INFO -- omniauth: (cas) Callback phase initiated.
Exiting
Exiting
Exiting
I, [2015-06-12T16:35:27.405508 #28407]  INFO -- omniauth: (cas) Request phase initiated.
I, [2015-06-12T16:35:33.998738 #28407]  INFO -- omniauth: (cas) Callback phase initiated.
Exiting
Exiting
I, [2015-06-15T10:13:47.842462 #28407]  INFO -- omniauth: (cas) Request phase initiated.
I, [2015-06-15T10:13:55.554567 #28407]  INFO -- omniauth: (cas) Callback phase initiated.
I, [2015-06-15T10:15:17.232752 #28407]  INFO -- omniauth: (cas) Callback phase initiated.
E, [2015-06-15T10:15:17.333459 #28407] ERROR -- omniauth: (cas) Authentication failure! invalid_ticket: OmniAuth::Strategies::CAS::InvalidCASTicket, Invalid CAS Ticket
I, [2015-06-15T10:15:24.300976 #28413]  INFO -- omniauth: (cas) Callback phase initiated.
E, [2015-06-15T10:15:25.252216 #28413] ERROR -- omniauth: (cas) Authentication failure! invalid_ticket: OmniAuth::Strategies::CAS::InvalidCASTicket, Invalid CAS Ticket
I, [2015-06-15T10:15:35.443540 #28413]  INFO -- omniauth: (cas) Request phase initiated.
I, [2015-06-15T10:15:35.570327 #28404]  INFO -- omniauth: (cas) Callback phase initiated.
I, [2015-06-15T10:22:58.474096 #28404]  INFO -- omniauth: (cas) Callback phase initiated.
E, [2015-06-15T10:22:58.515613 #28404] ERROR -- omniauth: (cas) Authentication failure! invalid_ticket: OmniAuth::Strategies::CAS::InvalidCASTicket, Invalid CAS Ticket
I, [2015-06-15T10:23:24.584672 #28413]  INFO -- omniauth: (cas) Request phase initiated.
I, [2015-06-15T10:23:24.693032 #28413]  INFO -- omniauth: (cas) Callback phase initiated.
I, [2015-06-15T13:18:39.544000 #28407]  INFO -- omniauth: (cas) Request phase initiated.
I, [2015-06-15T13:18:39.616254 #28407]  INFO -- omniauth: (cas) Callback phase initiated.
I, [2015-06-15T13:24:36.250584 #28413]  INFO -- omniauth: (cas) Request phase initiated.
I, [2015-06-15T13:24:45.424736 #28413]  INFO -- omniauth: (cas) Callback phase initiated.
I, [2015-06-15T13:37:20.827113 #28413]  INFO -- omniauth: (cas) Request phase initiated.
I, [2015-06-15T13:37:20.901749 #28413]  INFO -- omniauth: (cas) Callback phase initiated.
I, [2015-06-15T14:20:34.901738 #3559]  INFO -- omniauth: (cas) Request phase initiated.
I, [2015-06-15T14:20:40.909037 #3559]  INFO -- omniauth: (cas) Callback phase initiated.
Exiting
I, [2015-06-15T14:37:01.294750 #3559]  INFO -- omniauth: (cas) Request phase initiated.
I, [2015-06-15T14:37:01.482559 #3559]  INFO -- omniauth: (cas) Callback phase initiated.
Exiting
Exiting
Exiting
Exiting
Exiting
Exiting
Exiting
Exiting
Exiting
Exiting
Exiting
Exiting
Exiting
Exiting
I, [2015-06-16T11:36:02.516379 #3557]  INFO -- omniauth: (cas) Request phase initiated.
I, [2015-06-16T11:36:02.687279 #3557]  INFO -- omniauth: (cas) Callback phase initiated.
Exiting
Exiting
I, [2015-06-16T15:11:59.736074 #3554]  INFO -- omniauth: (cas) Request phase initiated.
I, [2015-06-16T15:12:21.158307 #3554]  INFO -- omniauth: (cas) Callback phase initiated.
Exiting
I, [2015-06-16T17:18:48.997943 #3563]  INFO -- omniauth: (cas) Request phase initiated.
I, [2015-06-16T17:18:56.276026 #3563]  INFO -- omniauth: (cas) Callback phase initiated.
Exiting
I, [2015-06-16T17:22:30.576378 #3557]  INFO -- omniauth: (cas) Request phase initiated.
I, [2015-06-16T17:22:44.791159 #3559]  INFO -- omniauth: (cas) Callback phase initiated.
Exiting
Exiting
Exiting
Exiting
Exiting
Exiting
Exiting
Exiting
I, [2015-06-17T08:47:59.074862 #3557]  INFO -- omniauth: (cas) Request phase initiated.
I, [2015-06-17T08:48:05.374276 #3557]  INFO -- omniauth: (cas) Callback phase initiated.
Exiting
Exiting
Exiting
I, [2015-06-17T09:47:19.269287 #3557]  INFO -- omniauth: (cas) Request phase initiated.
I, [2015-06-17T09:47:25.229356 #3563]  INFO -- omniauth: (cas) Callback phase initiated.
Exiting
Exiting
Exiting
Exiting
Exiting
Exiting
Exiting
Exiting
Exiting
Exiting
Exiting
Exiting
Exiting
Exiting
Exiting
Exiting
Exiting
I, [2015-06-17T13:39:08.286515 #3559]  INFO -- omniauth: (cas) Request phase initiated.
I, [2015-06-17T13:39:11.410434 #3559]  INFO -- omniauth: (cas) Callback phase initiated.
I, [2015-06-17T13:40:04.279871 #3563]  INFO -- omniauth: (cas) Request phase initiated.
I, [2015-06-17T13:40:20.116958 #3563]  INFO -- omniauth: (cas) Callback phase initiated.
Exiting
I, [2015-06-17T13:43:37.938853 #3557]  INFO -- omniauth: (cas) Request phase initiated.
I, [2015-06-17T13:43:38.039188 #3559]  INFO -- omniauth: (cas) Callback phase initiated.
I, [2015-06-17T13:50:51.308738 #3557]  INFO -- omniauth: (cas) Callback phase initiated.
E, [2015-06-17T13:50:51.409149 #3557] ERROR -- omniauth: (cas) Authentication failure! invalid_ticket: OmniAuth::Strategies::CAS::InvalidCASTicket, Invalid CAS Ticket
I, [2015-06-17T13:51:46.722912 #3557]  INFO -- omniauth: (cas) Request phase initiated.
I, [2015-06-17T13:51:48.094820 #3554]  INFO -- omniauth: (cas) Request phase initiated.
I, [2015-06-17T13:51:49.370543 #3559]  INFO -- omniauth: (cas) Callback phase initiated.
I, [2015-06-17T13:51:54.030961 #3563]  INFO -- omniauth: (cas) Callback phase initiated.
Exiting
Exiting
Exiting
Exiting
Exiting
Exiting
Exiting
Exiting
Exiting
Exiting
I, [2015-06-17T16:04:30.950865 #3554]  INFO -- omniauth: (cas) Request phase initiated.
I, [2015-06-17T16:04:37.251817 #3559]  INFO -- omniauth: (cas) Callback phase initiated.
Exiting
Exiting
Exiting
Exiting
Exiting
Exiting
Exiting
I, [2015-06-17T16:51:52.516267 #3563]  INFO -- omniauth: (cas) Request phase initiated.
I, [2015-06-17T16:51:58.596930 #3559]  INFO -- omniauth: (cas) Callback phase initiated.
Exiting
I, [2015-06-17T22:25:59.841402 #3563]  INFO -- omniauth: (cas) Request phase initiated.
I, [2015-06-17T22:26:00.175972 #3563]  INFO -- omniauth: (cas) Callback phase initiated.
I, [2015-06-18T08:19:09.058556 #3557]  INFO -- omniauth: (cas) Request phase initiated.
I, [2015-06-18T08:19:30.307253 #3563]  INFO -- omniauth: (cas) Callback phase initiated.
Exiting
Exiting
Exiting
Exiting
Exiting
Exiting
Exiting
Exiting
Exiting
Exiting
Exiting
Exiting
Exiting
Exiting
Exiting
Exiting
Exiting
Exiting
Exiting
Exiting
Exiting
Exiting
Exiting
Exiting
Exiting
Exiting
Exiting
Exiting
Exiting
Exiting
Exiting
Exiting
Exiting
Exiting
Exiting
Exiting
Exiting
Exiting
Exiting
Exiting
Exiting
Exiting
Exiting
Exiting
Exiting
Exiting
Exiting
Exiting
Exiting
I, [2015-06-20T19:30:36.858126 #10063]  INFO -- omniauth: (cas) Request phase initiated.
I, [2015-06-20T19:30:41.037551 #10057]  INFO -- omniauth: (cas) Callback phase initiated.
I, [2015-06-20T19:31:12.560032 #10060]  INFO -- omniauth: (cas) Request phase initiated.
I, [2015-06-20T19:31:37.623934 #10054]  INFO -- omniauth: (cas) Callback phase initiated.
Exiting
I, [2015-06-22T09:14:44.436294 #10054]  INFO -- omniauth: (cas) Request phase initiated.
I, [2015-06-22T09:14:57.362760 #10063]  INFO -- omniauth: (cas) Callback phase initiated.
Exiting
Exiting
I, [2015-06-22T11:58:56.073750 #10060]  INFO -- omniauth: (cas) Request phase initiated.
I, [2015-06-22T11:59:13.665417 #10060]  INFO -- omniauth: (cas) Callback phase initiated.
I, [2015-06-22T12:10:14.282064 #10057]  INFO -- omniauth: (cas) Request phase initiated.
I, [2015-06-22T12:10:14.385623 #10063]  INFO -- omniauth: (cas) Callback phase initiated.
Exiting
Exiting
I, [2015-06-22T12:33:43.994466 #10057]  INFO -- omniauth: (cas) Request phase initiated.
I, [2015-06-22T12:33:44.119974 #10060]  INFO -- omniauth: (cas) Callback phase initiated.
I, [2015-06-22T13:45:01.297882 #10060]  INFO -- omniauth: (cas) Request phase initiated.
I, [2015-06-22T13:45:07.234683 #10060]  INFO -- omniauth: (cas) Callback phase initiated.
I, [2015-06-23T09:02:25.618709 #10057]  INFO -- omniauth: (cas) Request phase initiated.
I, [2015-06-23T09:02:31.474741 #10063]  INFO -- omniauth: (cas) Callback phase initiated.
Exiting
Exiting
Exiting
Exiting
Exiting
Exiting
I, [2015-06-24T15:02:39.153950 #10063]  INFO -- omniauth: (cas) Request phase initiated.
I, [2015-06-24T15:02:45.548069 #10063]  INFO -- omniauth: (cas) Callback phase initiated.
I, [2015-06-24T19:18:42.172765 #10060]  INFO -- omniauth: (cas) Request phase initiated.
I, [2015-06-24T19:18:49.738931 #10060]  INFO -- omniauth: (cas) Callback phase initiated.
I, [2015-06-25T12:38:08.062542 #10060]  INFO -- omniauth: (cas) Request phase initiated.
I, [2015-06-25T12:38:08.129357 #10060]  INFO -- omniauth: (cas) Callback phase initiated.
I, [2015-06-25T12:47:23.908898 #10060]  INFO -- omniauth: (cas) Request phase initiated.
I, [2015-06-25T12:47:23.984621 #10060]  INFO -- omniauth: (cas) Callback phase initiated.
I, [2015-06-25T14:31:04.623395 #10057]  INFO -- omniauth: (cas) Request phase initiated.
I, [2015-06-25T14:31:24.707324 #10060]  INFO -- omniauth: (cas) Callback phase initiated.
I, [2015-06-26T13:51:11.881609 #10054]  INFO -- omniauth: (cas) Request phase initiated.
I, [2015-06-26T13:51:27.453824 #10054]  INFO -- omniauth: (cas) Callback phase initiated.
I, [2015-06-26T14:48:58.782521 #10057]  INFO -- omniauth: (cas) Request phase initiated.
I, [2015-06-26T14:48:58.919488 #10060]  INFO -- omniauth: (cas) Callback phase initiated.
I, [2015-06-26T14:52:37.591644 #10057]  INFO -- omniauth: (cas) Request phase initiated.
I, [2015-06-26T14:52:37.714461 #10057]  INFO -- omniauth: (cas) Callback phase initiated.
I, [2015-06-28T23:16:00.179278 #10060]  INFO -- omniauth: (cas) Request phase initiated.
I, [2015-06-28T23:16:12.156608 #10054]  INFO -- omniauth: (cas) Callback phase initiated.
I, [2015-06-30T11:22:16.905418 #10063]  INFO -- omniauth: (cas) Request phase initiated.
I, [2015-06-30T11:23:00.623843 #10060]  INFO -- omniauth: (cas) Callback phase initiated.
I, [2015-06-30T11:33:40.551302 #10060]  INFO -- omniauth: (cas) Request phase initiated.
I, [2015-06-30T11:33:50.269054 #10063]  INFO -- omniauth: (cas) Callback phase initiated.
I, [2015-06-30T14:31:18.225574 #10054]  INFO -- omniauth: (cas) Request phase initiated.
I, [2015-06-30T14:31:44.626651 #10054]  INFO -- omniauth: (cas) Callback phase initiated.
I, [2015-06-30T16:40:38.064522 #10054]  INFO -- omniauth: (cas) Request phase initiated.
I, [2015-06-30T16:40:38.154379 #10054]  INFO -- omniauth: (cas) Callback phase initiated.
I, [2015-06-30T19:19:14.309710 #10057]  INFO -- omniauth: (cas) Request phase initiated.
I, [2015-06-30T19:19:25.030713 #10057]  INFO -- omniauth: (cas) Callback phase initiated.
I, [2015-07-01T14:15:34.009723 #10060]  INFO -- omniauth: (cas) Request phase initiated.
I, [2015-07-01T14:15:40.527727 #10060]  INFO -- omniauth: (cas) Callback phase initiated.
Exiting
I, [2015-07-02T12:00:49.961201 #10063]  INFO -- omniauth: (cas) Request phase initiated.
I, [2015-07-02T12:01:07.135674 #10063]  INFO -- omniauth: (cas) Callback phase initiated.
Exiting
Exiting
Exiting
I, [2015-07-03T07:59:27.809774 #10057]  INFO -- omniauth: (cas) Request phase initiated.
I, [2015-07-03T07:59:35.606806 #10057]  INFO -- omniauth: (cas) Callback phase initiated.
I, [2015-07-03T16:41:09.768028 #10054]  INFO -- omniauth: (cas) Request phase initiated.
I, [2015-07-03T16:41:10.004528 #10054]  INFO -- omniauth: (cas) Callback phase initiated.
Exiting
Exiting
I, [2015-07-04T14:19:32.985697 #10057]  INFO -- omniauth: (cas) Request phase initiated.
I, [2015-07-04T14:19:46.031069 #10063]  INFO -- omniauth: (cas) Callback phase initiated.
I, [2015-07-06T09:10:56.590877 #10057]  INFO -- omniauth: (cas) Request phase initiated.
I, [2015-07-06T09:11:12.482134 #10057]  INFO -- omniauth: (cas) Callback phase initiated.
I, [2015-07-06T11:38:22.713840 #10054]  INFO -- omniauth: (cas) Request phase initiated.
I, [2015-07-06T11:38:28.575510 #10057]  INFO -- omniauth: (cas) Callback phase initiated.
I, [2015-07-06T15:34:27.619414 #10063]  INFO -- omniauth: (cas) Request phase initiated.
I, [2015-07-06T15:34:34.702114 #10063]  INFO -- omniauth: (cas) Callback phase initiated.
I, [2015-07-06T18:40:27.948245 #10060]  INFO -- omniauth: (cas) Request phase initiated.
I, [2015-07-06T18:40:36.859093 #10060]  INFO -- omniauth: (cas) Callback phase initiated.
I, [2015-07-07T09:42:30.237030 #10054]  INFO -- omniauth: (cas) Request phase initiated.
I, [2015-07-07T09:42:36.781103 #10057]  INFO -- omniauth: (cas) Callback phase initiated.
I, [2015-07-07T10:32:59.552780 #10054]  INFO -- omniauth: (cas) Callback phase initiated.
E, [2015-07-07T10:33:00.001857 #10054] ERROR -- omniauth: (cas) Authentication failure! invalid_ticket: OmniAuth::Strategies::CAS::InvalidCASTicket, Invalid CAS Ticket
I, [2015-07-07T10:35:22.521940 #10057]  INFO -- omniauth: (cas) Request phase initiated.
I, [2015-07-07T10:35:32.249681 #10057]  INFO -- omniauth: (cas) Callback phase initiated.
I, [2015-07-07T10:38:18.838085 #10057]  INFO -- omniauth: (cas) Request phase initiated.
I, [2015-07-07T10:38:24.145194 #10060]  INFO -- omniauth: (cas) Callback phase initiated.
I, [2015-07-07T10:39:06.159332 #12952]  INFO -- omniauth: (cas) Request phase initiated.
I, [2015-07-07T10:39:12.328572 #10060]  INFO -- omniauth: (cas) Callback phase initiated.
#<OpenStruct code=11, error_message="", matched_dn="", message="Admin Limit Exceeded">
#<OpenStruct code=11, error_message="", matched_dn="", message="Admin Limit Exceeded">
#<OpenStruct code=11, error_message="", matched_dn="", message="Admin Limit Exceeded">
#<OpenStruct code=11, error_message="", matched_dn="", message="Admin Limit Exceeded">
#<OpenStruct code=11, error_message="", matched_dn="", message="Admin Limit Exceeded">
#<OpenStruct code=11, error_message="", matched_dn="", message="Admin Limit Exceeded">
#<OpenStruct code=11, error_message="", matched_dn="", message="Admin Limit Exceeded">
#<OpenStruct code=11, error_message="", matched_dn="", message="Admin Limit Exceeded">
#<OpenStruct code=11, error_message="", matched_dn="", message="Admin Limit Exceeded">
#<OpenStruct code=11, error_message="", matched_dn="", message="Admin Limit Exceeded">
#<OpenStruct code=11, error_message="", matched_dn="", message="Admin Limit Exceeded">
#<OpenStruct code=11, error_message="", matched_dn="", message="Admin Limit Exceeded">
#<OpenStruct code=11, error_message="", matched_dn="", message="Admin Limit Exceeded">
#<OpenStruct code=11, error_message="", matched_dn="", message="Admin Limit Exceeded">
#<OpenStruct code=11, error_message="", matched_dn="", message="Admin Limit Exceeded">
#<OpenStruct code=11, error_message="", matched_dn="", message="Admin Limit Exceeded">
#<OpenStruct code=11, error_message="", matched_dn="", message="Admin Limit Exceeded">
#<OpenStruct code=11, error_message="", matched_dn="", message="Admin Limit Exceeded">
#<OpenStruct code=11, error_message="", matched_dn="", message="Admin Limit Exceeded">
#<OpenStruct code=11, error_message="", matched_dn="", message="Admin Limit Exceeded">
#<OpenStruct code=11, error_message="", matched_dn="", message="Admin Limit Exceeded">
#<OpenStruct code=11, error_message="", matched_dn="", message="Admin Limit Exceeded">
#<OpenStruct code=11, error_message="", matched_dn="", message="Admin Limit Exceeded">
#<OpenStruct code=11, error_message="", matched_dn="", message="Admin Limit Exceeded">
#<OpenStruct code=11, error_message="", matched_dn="", message="Admin Limit Exceeded">
#<OpenStruct code=11, error_message="", matched_dn="", message="Admin Limit Exceeded">
#<OpenStruct code=11, error_message="", matched_dn="", message="Admin Limit Exceeded">
#<OpenStruct code=11, error_message="", matched_dn="", message="Admin Limit Exceeded">
mail: ["laurent.beuneche@univ-tours.fr"]
   dn:
      --->uid=beuneche,ou=people,dc=univ-tours,dc=fr
   objectclass:
      --->top
      --->person
      --->organizationalPerson
      --->inetOrgPerson
      --->eduPerson
      --->supannPerson
      --->UFRPerson
      --->UFRclassMail
      --->sambaSamAccount
   supannorganisme:
      --->{EES}0370800U
   mailaddress:
      --->laurent.beuneche@univ-tours.fr
      --->lb@univ-tours.fr
      --->lol@univ-tours.fr
      --->jahb@univ-tours.fr
      --->josephine@univ-tours.fr
      --->l@univ-tours.fr
      --->lb@med.univ-tours.fr
      --->kako.taloche@univ-tours.fr
      --->beuneche@univ-tours.fr
      --->lolo@univ-tours.fr
      --->ktaloche@univ-tours.fr
      --->lg@univ-tours.fr
      --->gonzague.lejardinier@univ-tours.fr
      --->tch1@univ-tours.fr
      --->tch2@univ-tours.fr
      --->utilisateur@univ-tours.fr
      --->utilisateur2@univ-tours.fr
      --->achat@univ-tours.fr
      --->nepasrepondre@univ-tours.fr
      --->assistance@univ-tours.fr
      --->newtina@univ-tours.fr
      --->mapamat@univ-tours.fr
      --->helpdeskadmin@univ-tours.fr
      --->pca@univ-tours.fr
      --->laurent.beneche@univ-tours.fr
      --->laurent.beunche@univ-tours.fr
      --->neneche@univ-tours.fr
      --->instadublin@univ-tours.fr
      --->azerty@univ-tours.fr
   alias:
      --->laurent.beuneche
      --->lb
      --->lol
      --->jahb
      --->josephine
      --->l
      --->kako.taloche
      --->beuneche
      --->lolo
      --->ktaloche
      --->lg
      --->gonzague.lejardinier
      --->tch1
      --->tch2
      --->utilisateur
      --->utilisateur2
      --->achat
      --->nepasrepondre
      --->assistance
      --->newtina
      --->mapamat
      --->helpdeskadmin
      --->pca
      --->laurent.beneche
      --->laurent.beunche
      --->neneche
      --->instadublin
      --->azerty
   uid:
      --->beuneche
   supanncivilite:
      --->M.
   sn:
      --->Beuneche
   givenname:
      --->Laurent
   cn:
      --->Beuneche Laurent
   displayname:
      --->Laurent Beuneche
   edupersonprimaryaffiliation:
      --->employee
   supannaffectation:
      --->Pôle Système, réseaux et télécommunications
   ufrcodeaffectation:
      --->USI02
   ufrcomposante:
      --->DTIC
   ufrcodecomposante:
      --->USIR
   edupersonaffiliation:
      --->employee
   ufrtypepopulation:
      --->ITARF
   ufrqualite:
      --->Fonctionnaire
   ufrfamille:
      --->BIATOSS
   ufrsite:
      --->Site Plat d'Etain
   street:
      --->60, Rue   du Plat d'Etain
   postalcode:
      --->37020
   l:
      --->TOURS CEDEX 1
   telephonenumber:
      --->0247367326
   ufrbatiment:
      --->D
   ufretage:
      --->RDJ
   ufrlocalisation:
      --->Plat d'Etain bâtiment D étage RDJ
   mail:
      --->laurent.beuneche@univ-tours.fr
#<OpenStruct code=0, error_message="", matched_dn="", message="Success">
mail: ["laurent.beuneche@univ-tours.fr"]
   dn:
      --->uid=beuneche,ou=people,dc=univ-tours,dc=fr
   objectclass:
      --->top
      --->person
      --->organizationalPerson
      --->inetOrgPerson
      --->eduPerson
      --->supannPerson
      --->UFRPerson
      --->UFRclassMail
      --->sambaSamAccount
   supannorganisme:
      --->{EES}0370800U
   mailaddress:
      --->laurent.beuneche@univ-tours.fr
      --->lb@univ-tours.fr
      --->lol@univ-tours.fr
      --->jahb@univ-tours.fr
      --->josephine@univ-tours.fr
      --->l@univ-tours.fr
      --->lb@med.univ-tours.fr
      --->kako.taloche@univ-tours.fr
      --->beuneche@univ-tours.fr
      --->lolo@univ-tours.fr
      --->ktaloche@univ-tours.fr
      --->lg@univ-tours.fr
      --->gonzague.lejardinier@univ-tours.fr
      --->tch1@univ-tours.fr
      --->tch2@univ-tours.fr
      --->utilisateur@univ-tours.fr
      --->utilisateur2@univ-tours.fr
      --->achat@univ-tours.fr
      --->nepasrepondre@univ-tours.fr
      --->assistance@univ-tours.fr
      --->newtina@univ-tours.fr
      --->mapamat@univ-tours.fr
      --->helpdeskadmin@univ-tours.fr
      --->pca@univ-tours.fr
      --->laurent.beneche@univ-tours.fr
      --->laurent.beunche@univ-tours.fr
      --->neneche@univ-tours.fr
      --->instadublin@univ-tours.fr
      --->azerty@univ-tours.fr
   alias:
      --->laurent.beuneche
      --->lb
      --->lol
      --->jahb
      --->josephine
      --->l
      --->kako.taloche
      --->beuneche
      --->lolo
      --->ktaloche
      --->lg
      --->gonzague.lejardinier
      --->tch1
      --->tch2
      --->utilisateur
      --->utilisateur2
      --->achat
      --->nepasrepondre
      --->assistance
      --->newtina
      --->mapamat
      --->helpdeskadmin
      --->pca
      --->laurent.beneche
      --->laurent.beunche
      --->neneche
      --->instadublin
      --->azerty
   uid:
      --->beuneche
   supanncivilite:
      --->M.
   sn:
      --->Beuneche
   givenname:
      --->Laurent
   cn:
      --->Beuneche Laurent
   displayname:
      --->Laurent Beuneche
   edupersonprimaryaffiliation:
      --->employee
   supannaffectation:
      --->Pôle Système, réseaux et télécommunications
   ufrcodeaffectation:
      --->USI02
   ufrcomposante:
      --->DTIC
   ufrcodecomposante:
      --->USIR
   edupersonaffiliation:
      --->employee
   ufrtypepopulation:
      --->ITARF
   ufrqualite:
      --->Fonctionnaire
   ufrfamille:
      --->BIATOSS
   ufrsite:
      --->Site Plat d'Etain
   street:
      --->60, Rue   du Plat d'Etain
   postalcode:
      --->37020
   l:
      --->TOURS CEDEX 1
   telephonenumber:
      --->0247367326
   ufrbatiment:
      --->D
   ufretage:
      --->RDJ
   ufrlocalisation:
      --->Plat d'Etain bâtiment D étage RDJ
   mail:
      --->laurent.beuneche@univ-tours.fr
mail: ["laurent.beuneche@univ-tours.fr"]
   dn:
      --->uid=beuneche,ou=people,dc=univ-tours,dc=fr
   objectclass:
      --->top
      --->person
      --->organizationalPerson
      --->inetOrgPerson
      --->eduPerson
      --->supannPerson
      --->UFRPerson
      --->UFRclassMail
      --->sambaSamAccount
   supannorganisme:
      --->{EES}0370800U
   mailaddress:
      --->laurent.beuneche@univ-tours.fr
      --->lb@univ-tours.fr
      --->lol@univ-tours.fr
      --->jahb@univ-tours.fr
      --->josephine@univ-tours.fr
      --->l@univ-tours.fr
      --->lb@med.univ-tours.fr
      --->kako.taloche@univ-tours.fr
      --->beuneche@univ-tours.fr
      --->lolo@univ-tours.fr
      --->ktaloche@univ-tours.fr
      --->lg@univ-tours.fr
      --->gonzague.lejardinier@univ-tours.fr
      --->tch1@univ-tours.fr
      --->tch2@univ-tours.fr
      --->utilisateur@univ-tours.fr
      --->utilisateur2@univ-tours.fr
      --->achat@univ-tours.fr
      --->nepasrepondre@univ-tours.fr
      --->assistance@univ-tours.fr
      --->newtina@univ-tours.fr
      --->mapamat@univ-tours.fr
      --->helpdeskadmin@univ-tours.fr
      --->pca@univ-tours.fr
      --->laurent.beneche@univ-tours.fr
      --->laurent.beunche@univ-tours.fr
      --->neneche@univ-tours.fr
      --->instadublin@univ-tours.fr
      --->azerty@univ-tours.fr
   alias:
      --->laurent.beuneche
      --->lb
      --->lol
      --->jahb
      --->josephine
      --->l
      --->kako.taloche
      --->beuneche
      --->lolo
      --->ktaloche
      --->lg
      --->gonzague.lejardinier
      --->tch1
      --->tch2
      --->utilisateur
      --->utilisateur2
      --->achat
      --->nepasrepondre
      --->assistance
      --->newtina
      --->mapamat
      --->helpdeskadmin
      --->pca
      --->laurent.beneche
      --->laurent.beunche
      --->neneche
      --->instadublin
      --->azerty
   uid:
      --->beuneche
   supanncivilite:
      --->M.
   sn:
      --->Beuneche
   givenname:
      --->Laurent
   cn:
      --->Beuneche Laurent
   displayname:
      --->Laurent Beuneche
   edupersonprimaryaffiliation:
      --->employee
   supannaffectation:
      --->Pôle Système, réseaux et télécommunications
   ufrcodeaffectation:
      --->USI02
   ufrcomposante:
      --->DTIC
   ufrcodecomposante:
      --->USIR
   edupersonaffiliation:
      --->employee
   ufrtypepopulation:
      --->ITARF
   ufrqualite:
      --->Fonctionnaire
   ufrfamille:
      --->BIATOSS
   ufrsite:
      --->Site Plat d'Etain
   street:
      --->60, Rue   du Plat d'Etain
   postalcode:
      --->37020
   l:
      --->TOURS CEDEX 1
   telephonenumber:
      --->0247367326
   ufrbatiment:
      --->D
   ufretage:
      --->RDJ
   ufrlocalisation:
      --->Plat d'Etain bâtiment D étage RDJ
   mail:
      --->laurent.beuneche@univ-tours.fr
mail: ["laurent.beuneche@univ-tours.fr"]
   dn:
      --->uid=beuneche,ou=people,dc=univ-tours,dc=fr
   objectclass:
      --->top
      --->person
      --->organizationalPerson
      --->inetOrgPerson
      --->eduPerson
      --->supannPerson
      --->UFRPerson
      --->UFRclassMail
      --->sambaSamAccount
   supannorganisme:
      --->{EES}0370800U
   mailaddress:
      --->laurent.beuneche@univ-tours.fr
      --->lb@univ-tours.fr
      --->lol@univ-tours.fr
      --->jahb@univ-tours.fr
      --->josephine@univ-tours.fr
      --->l@univ-tours.fr
      --->lb@med.univ-tours.fr
      --->kako.taloche@univ-tours.fr
      --->beuneche@univ-tours.fr
      --->lolo@univ-tours.fr
      --->ktaloche@univ-tours.fr
      --->lg@univ-tours.fr
      --->gonzague.lejardinier@univ-tours.fr
      --->tch1@univ-tours.fr
      --->tch2@univ-tours.fr
      --->utilisateur@univ-tours.fr
      --->utilisateur2@univ-tours.fr
      --->achat@univ-tours.fr
      --->nepasrepondre@univ-tours.fr
      --->assistance@univ-tours.fr
      --->newtina@univ-tours.fr
      --->mapamat@univ-tours.fr
      --->helpdeskadmin@univ-tours.fr
      --->pca@univ-tours.fr
      --->laurent.beneche@univ-tours.fr
      --->laurent.beunche@univ-tours.fr
      --->neneche@univ-tours.fr
      --->instadublin@univ-tours.fr
      --->azerty@univ-tours.fr
   alias:
      --->laurent.beuneche
      --->lb
      --->lol
      --->jahb
      --->josephine
      --->l
      --->kako.taloche
      --->beuneche
      --->lolo
      --->ktaloche
      --->lg
      --->gonzague.lejardinier
      --->tch1
      --->tch2
      --->utilisateur
      --->utilisateur2
      --->achat
      --->nepasrepondre
      --->assistance
      --->newtina
      --->mapamat
      --->helpdeskadmin
      --->pca
      --->laurent.beneche
      --->laurent.beunche
      --->neneche
      --->instadublin
      --->azerty
   uid:
      --->beuneche
   supanncivilite:
      --->M.
   sn:
      --->Beuneche
   givenname:
      --->Laurent
   cn:
      --->Beuneche Laurent
   displayname:
      --->Laurent Beuneche
   edupersonprimaryaffiliation:
      --->employee
   supannaffectation:
      --->Pôle Système, réseaux et télécommunications
   ufrcodeaffectation:
      --->USI02
   ufrcomposante:
      --->DTIC
   ufrcodecomposante:
      --->USIR
   edupersonaffiliation:
      --->employee
   ufrtypepopulation:
      --->ITARF
   ufrqualite:
      --->Fonctionnaire
   ufrfamille:
      --->BIATOSS
   ufrsite:
      --->Site Plat d'Etain
   street:
      --->60, Rue   du Plat d'Etain
   postalcode:
      --->37020
   l:
      --->TOURS CEDEX 1
   telephonenumber:
      --->0247367326
   ufrbatiment:
      --->D
   ufretage:
      --->RDJ
   ufrlocalisation:
      --->Plat d'Etain bâtiment D étage RDJ
   mail:
      --->laurent.beuneche@univ-tours.fr
mail: ["laurent.beuneche@univ-tours.fr"]
   dn:
      --->uid=beuneche,ou=people,dc=univ-tours,dc=fr
   objectclass:
      --->top
      --->person
      --->organizationalPerson
      --->inetOrgPerson
      --->eduPerson
      --->supannPerson
      --->UFRPerson
      --->UFRclassMail
      --->sambaSamAccount
   supannorganisme:
      --->{EES}0370800U
   mailaddress:
      --->laurent.beuneche@univ-tours.fr
      --->lb@univ-tours.fr
      --->lol@univ-tours.fr
      --->jahb@univ-tours.fr
      --->josephine@univ-tours.fr
      --->l@univ-tours.fr
      --->lb@med.univ-tours.fr
      --->kako.taloche@univ-tours.fr
      --->beuneche@univ-tours.fr
      --->lolo@univ-tours.fr
      --->ktaloche@univ-tours.fr
      --->lg@univ-tours.fr
      --->gonzague.lejardinier@univ-tours.fr
      --->tch1@univ-tours.fr
      --->tch2@univ-tours.fr
      --->utilisateur@univ-tours.fr
      --->utilisateur2@univ-tours.fr
      --->achat@univ-tours.fr
      --->nepasrepondre@univ-tours.fr
      --->assistance@univ-tours.fr
      --->newtina@univ-tours.fr
      --->mapamat@univ-tours.fr
      --->helpdeskadmin@univ-tours.fr
      --->pca@univ-tours.fr
      --->laurent.beneche@univ-tours.fr
      --->laurent.beunche@univ-tours.fr
      --->neneche@univ-tours.fr
      --->instadublin@univ-tours.fr
      --->azerty@univ-tours.fr
   alias:
      --->laurent.beuneche
      --->lb
      --->lol
      --->jahb
      --->josephine
      --->l
      --->kako.taloche
      --->beuneche
      --->lolo
      --->ktaloche
      --->lg
      --->gonzague.lejardinier
      --->tch1
      --->tch2
      --->utilisateur
      --->utilisateur2
      --->achat
      --->nepasrepondre
      --->assistance
      --->newtina
      --->mapamat
      --->helpdeskadmin
      --->pca
      --->laurent.beneche
      --->laurent.beunche
      --->neneche
      --->instadublin
      --->azerty
   uid:
      --->beuneche
   supanncivilite:
      --->M.
   sn:
      --->Beuneche
   givenname:
      --->Laurent
   cn:
      --->Beuneche Laurent
   displayname:
      --->Laurent Beuneche
   edupersonprimaryaffiliation:
      --->employee
   supannaffectation:
      --->Pôle Système, réseaux et télécommunications
   ufrcodeaffectation:
      --->USI02
   ufrcomposante:
      --->DTIC
   ufrcodecomposante:
      --->USIR
   edupersonaffiliation:
      --->employee
   ufrtypepopulation:
      --->ITARF
   ufrqualite:
      --->Fonctionnaire
   ufrfamille:
      --->BIATOSS
   ufrsite:
      --->Site Plat d'Etain
   street:
      --->60, Rue   du Plat d'Etain
   postalcode:
      --->37020
   l:
      --->TOURS CEDEX 1
   telephonenumber:
      --->0247367326
   ufrbatiment:
      --->D
   ufretage:
      --->RDJ
   ufrlocalisation:
      --->Plat d'Etain bâtiment D étage RDJ
   mail:
      --->laurent.beuneche@univ-tours.fr
mail: ["laurent.beuneche@univ-tours.fr"]
   dn:
      --->uid=beuneche,ou=people,dc=univ-tours,dc=fr
   objectclass:
      --->top
      --->person
      --->organizationalPerson
      --->inetOrgPerson
      --->eduPerson
      --->supannPerson
      --->UFRPerson
      --->UFRclassMail
      --->sambaSamAccount
   supannorganisme:
      --->{EES}0370800U
   mailaddress:
      --->laurent.beuneche@univ-tours.fr
      --->lb@univ-tours.fr
      --->lol@univ-tours.fr
      --->jahb@univ-tours.fr
      --->josephine@univ-tours.fr
      --->l@univ-tours.fr
      --->lb@med.univ-tours.fr
      --->kako.taloche@univ-tours.fr
      --->beuneche@univ-tours.fr
      --->lolo@univ-tours.fr
      --->ktaloche@univ-tours.fr
      --->lg@univ-tours.fr
      --->gonzague.lejardinier@univ-tours.fr
      --->tch1@univ-tours.fr
      --->tch2@univ-tours.fr
      --->utilisateur@univ-tours.fr
      --->utilisateur2@univ-tours.fr
      --->achat@univ-tours.fr
      --->nepasrepondre@univ-tours.fr
      --->assistance@univ-tours.fr
      --->newtina@univ-tours.fr
      --->mapamat@univ-tours.fr
      --->helpdeskadmin@univ-tours.fr
      --->pca@univ-tours.fr
      --->laurent.beneche@univ-tours.fr
      --->laurent.beunche@univ-tours.fr
      --->neneche@univ-tours.fr
      --->instadublin@univ-tours.fr
      --->azerty@univ-tours.fr
   alias:
      --->laurent.beuneche
      --->lb
      --->lol
      --->jahb
      --->josephine
      --->l
      --->kako.taloche
      --->beuneche
      --->lolo
      --->ktaloche
      --->lg
      --->gonzague.lejardinier
      --->tch1
      --->tch2
      --->utilisateur
      --->utilisateur2
      --->achat
      --->nepasrepondre
      --->assistance
      --->newtina
      --->mapamat
      --->helpdeskadmin
      --->pca
      --->laurent.beneche
      --->laurent.beunche
      --->neneche
      --->instadublin
      --->azerty
   uid:
      --->beuneche
   supanncivilite:
      --->M.
   sn:
      --->Beuneche
   givenname:
      --->Laurent
   cn:
      --->Beuneche Laurent
   displayname:
      --->Laurent Beuneche
   edupersonprimaryaffiliation:
      --->employee
   supannaffectation:
      --->Pôle Système, réseaux et télécommunications
   ufrcodeaffectation:
      --->USI02
   ufrcomposante:
      --->DTIC
   ufrcodecomposante:
      --->USIR
   edupersonaffiliation:
      --->employee
   ufrtypepopulation:
      --->ITARF
   ufrqualite:
      --->Fonctionnaire
   ufrfamille:
      --->BIATOSS
   ufrsite:
      --->Site Plat d'Etain
   street:
      --->60, Rue   du Plat d'Etain
   postalcode:
      --->37020
   l:
      --->TOURS CEDEX 1
   telephonenumber:
      --->0247367326
   ufrbatiment:
      --->D
   ufretage:
      --->RDJ
   ufrlocalisation:
      --->Plat d'Etain bâtiment D étage RDJ
   mail:
      --->laurent.beuneche@univ-tours.fr
I, [2015-07-07T12:32:58.685269 #1103]  INFO -- omniauth: (cas) Request phase initiated.
I, [2015-07-07T12:33:04.304531 #1103]  INFO -- omniauth: (cas) Callback phase initiated.
I, [2015-07-07T12:34:15.783795 #1112]  INFO -- omniauth: (cas) Request phase initiated.
I, [2015-07-07T12:34:22.774235 #1103]  INFO -- omniauth: (cas) Callback phase initiated.
I, [2015-07-07T12:35:16.304805 #1108]  INFO -- omniauth: (cas) Request phase initiated.
I, [2015-07-07T12:35:40.123897 #1108]  INFO -- omniauth: (cas) Callback phase initiated.
I, [2015-07-07T15:34:58.690371 #1106]  INFO -- omniauth: (cas) Request phase initiated.
I, [2015-07-07T15:35:04.545728 #1106]  INFO -- omniauth: (cas) Callback phase initiated.
I, [2015-07-07T16:26:36.459090 #1106]  INFO -- omniauth: (cas) Request phase initiated.
I, [2015-07-07T16:26:36.536330 #1108]  INFO -- omniauth: (cas) Callback phase initiated.
I, [2015-07-07T17:25:36.897100 #1112]  INFO -- omniauth: (cas) Request phase initiated.
I, [2015-07-07T17:25:42.971346 #1112]  INFO -- omniauth: (cas) Callback phase initiated.
I, [2015-07-07T21:45:47.184336 #1108]  INFO -- omniauth: (cas) Request phase initiated.
I, [2015-07-07T21:46:03.977644 #1108]  INFO -- omniauth: (cas) Callback phase initiated.
Exiting
I, [2015-07-08T16:05:58.751932 #1103]  INFO -- omniauth: (cas) Request phase initiated.
I, [2015-07-08T16:06:13.509042 #1108]  INFO -- omniauth: (cas) Callback phase initiated.
I, [2015-07-09T10:01:53.623441 #1112]  INFO -- omniauth: (cas) Request phase initiated.
I, [2015-07-09T10:01:59.851717 #1108]  INFO -- omniauth: (cas) Callback phase initiated.
Exiting
I, [2015-07-10T07:11:25.271886 #1108]  INFO -- omniauth: (cas) Request phase initiated.
I, [2015-07-10T07:11:34.995011 #1108]  INFO -- omniauth: (cas) Callback phase initiated.
I, [2015-07-10T09:15:34.839087 #1106]  INFO -- omniauth: (cas) Request phase initiated.
I, [2015-07-10T09:15:51.607343 #1106]  INFO -- omniauth: (cas) Callback phase initiated.
I, [2015-07-10T10:22:18.213547 #1103]  INFO -- omniauth: (cas) Request phase initiated.
I, [2015-07-10T10:22:43.093642 #1103]  INFO -- omniauth: (cas) Callback phase initiated.
I, [2015-07-10T10:25:09.433015 #1103]  INFO -- omniauth: (cas) Request phase initiated.
I, [2015-07-10T10:25:21.502228 #1106]  INFO -- omniauth: (cas) Callback phase initiated.
Exiting
I, [2015-07-13T15:00:45.390043 #1112]  INFO -- omniauth: (cas) Request phase initiated.
I, [2015-07-13T15:16:20.834250 #1103]  INFO -- omniauth: (cas) Request phase initiated.
I, [2015-07-13T15:16:36.563845 #1103]  INFO -- omniauth: (cas) Callback phase initiated.
I, [2015-07-13T17:37:23.652856 #1103]  INFO -- omniauth: (cas) Request phase initiated.
I, [2015-07-13T17:37:39.868271 #1103]  INFO -- omniauth: (cas) Callback phase initiated.
I, [2015-07-15T14:22:26.438361 #1106]  INFO -- omniauth: (cas) Request phase initiated.
I, [2015-07-15T14:22:42.657194 #1108]  INFO -- omniauth: (cas) Callback phase initiated.
I, [2015-07-22T15:24:19.400235 #1112]  INFO -- omniauth: (cas) Request phase initiated.
I, [2015-07-22T15:24:36.232678 #1108]  INFO -- omniauth: (cas) Callback phase initiated.
I, [2015-07-22T16:21:40.918117 #1108]  INFO -- omniauth: (cas) Request phase initiated.
I, [2015-07-22T16:21:41.034562 #1108]  INFO -- omniauth: (cas) Callback phase initiated.
I, [2015-07-30T08:35:54.428135 #1108]  INFO -- omniauth: (cas) Request phase initiated.
I, [2015-07-30T08:36:04.188004 #1103]  INFO -- omniauth: (cas) Callback phase initiated.
I, [2015-08-17T15:43:42.251574 #1106]  INFO -- omniauth: (cas) Request phase initiated.
I, [2015-08-17T15:43:42.541363 #1112]  INFO -- omniauth: (cas) Callback phase initiated.
I, [2015-08-17T16:15:24.542245 #1103]  INFO -- omniauth: (cas) Request phase initiated.
I, [2015-08-17T16:32:02.431709 #1103]  INFO -- omniauth: (cas) Request phase initiated.
I, [2015-08-17T16:32:14.437074 #1103]  INFO -- omniauth: (cas) Callback phase initiated.
I, [2015-08-17T16:37:36.778522 #1103]  INFO -- omniauth: (cas) Request phase initiated.
I, [2015-08-17T16:37:36.908496 #1108]  INFO -- omniauth: (cas) Callback phase initiated.
I, [2015-08-18T15:18:18.090889 #1106]  INFO -- omniauth: (cas) Request phase initiated.
I, [2015-08-18T15:18:26.427700 #1106]  INFO -- omniauth: (cas) Callback phase initiated.
I, [2015-08-19T10:11:19.624128 #1106]  INFO -- omniauth: (cas) Request phase initiated.
I, [2015-08-19T10:11:26.506608 #1106]  INFO -- omniauth: (cas) Callback phase initiated.
I, [2015-08-20T07:53:47.208542 #1112]  INFO -- omniauth: (cas) Request phase initiated.
I, [2015-08-20T07:54:48.810089 #1112]  INFO -- omniauth: (cas) Callback phase initiated.
I, [2015-08-20T16:10:49.427375 #1106]  INFO -- omniauth: (cas) Request phase initiated.
I, [2015-08-20T16:10:57.788442 #1106]  INFO -- omniauth: (cas) Callback phase initiated.
I, [2015-08-21T16:09:16.400999 #1112]  INFO -- omniauth: (cas) Request phase initiated.
I, [2015-08-21T16:09:23.304180 #1112]  INFO -- omniauth: (cas) Callback phase initiated.
I, [2015-08-23T08:37:03.096457 #1103]  INFO -- omniauth: (cas) Request phase initiated.
I, [2015-08-23T08:37:10.882619 #1103]  INFO -- omniauth: (cas) Callback phase initiated.
I, [2015-08-25T09:03:16.577807 #1106]  INFO -- omniauth: (cas) Request phase initiated.
I, [2015-08-25T09:03:39.047462 #1106]  INFO -- omniauth: (cas) Callback phase initiated.
I, [2015-08-27T03:13:30.049472 #1112]  INFO -- omniauth: (cas) Request phase initiated.
I, [2015-08-27T03:13:35.605763 #1112]  INFO -- omniauth: (cas) Callback phase initiated.
I, [2015-08-27T10:35:39.118328 #1108]  INFO -- omniauth: (cas) Request phase initiated.
I, [2015-08-27T10:35:58.698549 #1108]  INFO -- omniauth: (cas) Callback phase initiated.
I, [2015-08-27T12:32:08.581381 #3016]  INFO -- omniauth: (cas) Request phase initiated.
I, [2015-08-27T12:32:19.401052 #3016]  INFO -- omniauth: (cas) Callback phase initiated.
I, [2015-08-27T12:36:29.648466 #3016]  INFO -- omniauth: (cas) Request phase initiated.
I, [2015-08-27T12:36:29.796889 #3013]  INFO -- omniauth: (cas) Callback phase initiated.
I, [2015-08-27T12:43:41.757647 #3019]  INFO -- omniauth: (cas) Request phase initiated.
I, [2015-08-27T12:43:41.861895 #3016]  INFO -- omniauth: (cas) Callback phase initiated.
I, [2015-08-27T12:56:53.933777 #3016]  INFO -- omniauth: (cas) Request phase initiated.
I, [2015-08-27T12:56:54.014140 #3022]  INFO -- omniauth: (cas) Callback phase initiated.
I, [2015-08-29T08:04:08.367900 #3016]  INFO -- omniauth: (cas) Request phase initiated.
I, [2015-08-29T08:04:17.065600 #3022]  INFO -- omniauth: (cas) Callback phase initiated.
I, [2015-08-31T09:57:07.257431 #3013]  INFO -- omniauth: (cas) Request phase initiated.
I, [2015-08-31T09:57:41.410694 #3013]  INFO -- omniauth: (cas) Callback phase initiated.
I, [2015-09-01T11:57:12.027724 #3022]  INFO -- omniauth: (cas) Request phase initiated.
I, [2015-09-01T11:57:22.006480 #3013]  INFO -- omniauth: (cas) Callback phase initiated.
I, [2015-09-01T12:30:37.781659 #3016]  INFO -- omniauth: (cas) Request phase initiated.
I, [2015-09-01T12:30:48.158436 #3016]  INFO -- omniauth: (cas) Callback phase initiated.
I, [2015-09-01T13:21:58.853231 #3019]  INFO -- omniauth: (cas) Request phase initiated.
I, [2015-09-01T13:22:09.416115 #3019]  INFO -- omniauth: (cas) Callback phase initiated.
I, [2015-09-01T13:26:36.254778 #3016]  INFO -- omniauth: (cas) Callback phase initiated.
E, [2015-09-01T13:26:36.301889 #3016] ERROR -- omniauth: (cas) Authentication failure! invalid_ticket: OmniAuth::Strategies::CAS::InvalidCASTicket, Invalid CAS Ticket
I, [2015-09-01T13:30:59.749189 #3022]  INFO -- omniauth: (cas) Callback phase initiated.
E, [2015-09-01T13:30:59.794603 #3022] ERROR -- omniauth: (cas) Authentication failure! invalid_ticket: OmniAuth::Strategies::CAS::InvalidCASTicket, Invalid CAS Ticket
I, [2015-09-01T13:31:04.919572 #3022]  INFO -- omniauth: (cas) Callback phase initiated.
I, [2015-09-01T13:31:08.591377 #3016]  INFO -- omniauth: (cas) Request phase initiated.
I, [2015-09-01T13:31:08.781635 #3013]  INFO -- omniauth: (cas) Callback phase initiated.
I, [2015-09-01T13:33:33.063353 #3016]  INFO -- omniauth: (cas) Request phase initiated.
I, [2015-09-01T13:33:33.132624 #3016]  INFO -- omniauth: (cas) Callback phase initiated.
I, [2015-09-01T13:33:47.587597 #3019]  INFO -- omniauth: (cas) Request phase initiated.
I, [2015-09-01T13:33:47.669915 #3013]  INFO -- omniauth: (cas) Callback phase initiated.
I, [2015-09-01T13:33:53.733222 #3013]  INFO -- omniauth: (cas) Request phase initiated.
I, [2015-09-01T13:33:53.794638 #3013]  INFO -- omniauth: (cas) Callback phase initiated.
I, [2015-09-01T13:35:23.873395 #3022]  INFO -- omniauth: (cas) Request phase initiated.
I, [2015-09-01T13:35:23.965000 #3022]  INFO -- omniauth: (cas) Callback phase initiated.
I, [2015-09-01T13:38:32.716500 #3013]  INFO -- omniauth: (cas) Request phase initiated.
I, [2015-09-01T13:38:32.777774 #3013]  INFO -- omniauth: (cas) Callback phase initiated.
I, [2015-09-01T13:39:49.532918 #3022]  INFO -- omniauth: (cas) Request phase initiated.
I, [2015-09-01T13:39:50.848407 #3022]  INFO -- omniauth: (cas) Callback phase initiated.
I, [2015-09-01T13:42:26.102211 #3016]  INFO -- omniauth: (cas) Request phase initiated.
I, [2015-09-01T13:42:26.191965 #3016]  INFO -- omniauth: (cas) Callback phase initiated.
I, [2015-09-01T13:46:54.309028 #3022]  INFO -- omniauth: (cas) Request phase initiated.
I, [2015-09-01T13:47:06.271409 #3022]  INFO -- omniauth: (cas) Callback phase initiated.
I, [2015-09-01T13:53:27.662604 #3013]  INFO -- omniauth: (cas) Request phase initiated.
I, [2015-09-01T13:53:37.915363 #3022]  INFO -- omniauth: (cas) Callback phase initiated.
I, [2015-09-01T13:54:38.793457 #3019]  INFO -- omniauth: (cas) Request phase initiated.
I, [2015-09-01T13:54:48.631809 #3019]  INFO -- omniauth: (cas) Callback phase initiated.
I, [2015-09-01T13:56:55.426664 #3019]  INFO -- omniauth: (cas) Request phase initiated.
I, [2015-09-01T13:57:04.166016 #3013]  INFO -- omniauth: (cas) Callback phase initiated.
I, [2015-09-01T13:59:14.565006 #3022]  INFO -- omniauth: (cas) Request phase initiated.
I, [2015-09-01T13:59:21.518219 #3019]  INFO -- omniauth: (cas) Callback phase initiated.
I, [2015-09-01T13:59:27.254218 #3016]  INFO -- omniauth: (cas) Request phase initiated.
I, [2015-09-01T13:59:53.759567 #3019]  INFO -- omniauth: (cas) Callback phase initiated.
I, [2015-09-01T13:59:58.550583 #3019]  INFO -- omniauth: (cas) Request phase initiated.
I, [2015-09-01T14:00:25.585268 #3019]  INFO -- omniauth: (cas) Callback phase initiated.
I, [2015-09-01T14:04:55.287738 #3022]  INFO -- omniauth: (cas) Request phase initiated.
I, [2015-09-01T14:05:17.470347 #3022]  INFO -- omniauth: (cas) Callback phase initiated.
I, [2015-09-01T14:34:46.296033 #3022]  INFO -- omniauth: (cas) Request phase initiated.
I, [2015-09-01T14:34:56.957286 #3022]  INFO -- omniauth: (cas) Callback phase initiated.
I, [2015-09-01T15:01:57.791468 #3022]  INFO -- omniauth: (cas) Request phase initiated.
I, [2015-09-01T15:01:57.870922 #3022]  INFO -- omniauth: (cas) Callback phase initiated.
#<OmniAuth::AuthHash credentials=#<OmniAuth::AuthHash ticket="ST-81196-dYixyCCs0lD1ECHdwkJY-cas.univ-tours.fr"> extra=#<OmniAuth::AuthHash user="jchen"> info=#<OmniAuth::AuthHash::InfoHash nickname="jchen"> provider=:cas uid="jchen">
I, [2015-09-01T15:11:31.002731 #3013]  INFO -- omniauth: (cas) Request phase initiated.
I, [2015-09-01T15:11:31.072005 #3019]  INFO -- omniauth: (cas) Callback phase initiated.
#<OmniAuth::AuthHash credentials=#<OmniAuth::AuthHash ticket="ST-83336-dq30KqvjuS2Pnq73fFRM-cas.univ-tours.fr"> extra=#<OmniAuth::AuthHash user="beuneche"> info=#<OmniAuth::AuthHash::InfoHash nickname="beuneche"> provider=:cas uid="beuneche">
I, [2015-09-01T15:14:41.966582 #3022]  INFO -- omniauth: (cas) Request phase initiated.
I, [2015-09-01T15:14:42.040426 #3022]  INFO -- omniauth: (cas) Callback phase initiated.
#<OmniAuth::AuthHash credentials=#<OmniAuth::AuthHash ticket="ST-83987-Q3chRhW4rs5g7Se3RWdX-cas.univ-tours.fr"> extra=#<OmniAuth::AuthHash user="jchen"> info=#<OmniAuth::AuthHash::InfoHash nickname="jchen"> provider=:cas uid="jchen">
I, [2015-09-01T15:15:34.549126 #3022]  INFO -- omniauth: (cas) Request phase initiated.
I, [2015-09-01T15:15:34.777135 #3019]  INFO -- omniauth: (cas) Callback phase initiated.
I, [2015-09-01T15:35:12.670898 #3016]  INFO -- omniauth: (cas) Request phase initiated.
I, [2015-09-01T15:35:12.737777 #3016]  INFO -- omniauth: (cas) Callback phase initiated.
I, [2015-09-01T15:51:02.210381 #3019]  INFO -- omniauth: (cas) Request phase initiated.
I, [2015-09-01T15:51:02.299507 #3013]  INFO -- omniauth: (cas) Callback phase initiated.
I, [2015-09-01T15:51:28.886777 #3022]  INFO -- omniauth: (cas) Request phase initiated.
I, [2015-09-01T15:51:37.030770 #3022]  INFO -- omniauth: (cas) Callback phase initiated.
I, [2015-09-02T10:35:39.973899 #3022]  INFO -- omniauth: (cas) Request phase initiated.
I, [2015-09-02T10:35:51.522481 #3022]  INFO -- omniauth: (cas) Callback phase initiated.
I, [2015-09-02T13:37:05.440521 #3019]  INFO -- omniauth: (cas) Request phase initiated.
I, [2015-09-02T13:37:15.984990 #3019]  INFO -- omniauth: (cas) Callback phase initiated.
I, [2015-09-02T15:51:57.110810 #3019]  INFO -- omniauth: (cas) Request phase initiated.
I, [2015-09-02T15:52:10.520339 #3022]  INFO -- omniauth: (cas) Callback phase initiated.
I, [2015-09-02T16:04:22.862457 #3013]  INFO -- omniauth: (cas) Request phase initiated.
I, [2015-09-02T16:05:44.608613 #3019]  INFO -- omniauth: (cas) Callback phase initiated.
I, [2015-09-03T11:59:19.519175 #3022]  INFO -- omniauth: (cas) Request phase initiated.
I, [2015-09-03T11:59:31.701109 #3022]  INFO -- omniauth: (cas) Callback phase initiated.
I, [2015-09-03T12:13:28.327463 #3022]  INFO -- omniauth: (cas) Request phase initiated.
I, [2015-09-03T12:13:28.440831 #3022]  INFO -- omniauth: (cas) Callback phase initiated.
I, [2015-09-03T12:14:10.556954 #3016]  INFO -- omniauth: (cas) Request phase initiated.
I, [2015-09-03T12:14:22.596989 #3016]  INFO -- omniauth: (cas) Callback phase initiated.
I, [2015-09-03T12:21:25.224163 #3013]  INFO -- omniauth: (cas) Request phase initiated.
I, [2015-09-03T12:21:36.625294 #3013]  INFO -- omniauth: (cas) Callback phase initiated.
jing.chen@univ-tours.fr
I, [2015-09-04T12:03:44.856880 #3016]  INFO -- omniauth: (cas) Request phase initiated.
I, [2015-09-04T12:04:15.148392 #3016]  INFO -- omniauth: (cas) Callback phase initiated.
I, [2015-09-04T12:11:30.297632 #3013]  INFO -- omniauth: (cas) Request phase initiated.
I, [2015-09-04T12:11:44.457893 #3019]  INFO -- omniauth: (cas) Callback phase initiated.
I, [2015-09-04T14:17:49.084385 #3022]  INFO -- omniauth: (cas) Request phase initiated.
I, [2015-09-04T14:18:04.041930 #3019]  INFO -- omniauth: (cas) Callback phase initiated.
I, [2015-09-09T14:18:03.039151 #3013]  INFO -- omniauth: (cas) Request phase initiated.
I, [2015-09-09T14:18:33.630721 #3016]  INFO -- omniauth: (cas) Callback phase initiated.
I, [2015-09-11T16:34:01.911617 #3013]  INFO -- omniauth: (cas) Request phase initiated.
I, [2015-09-11T16:34:08.695833 #3013]  INFO -- omniauth: (cas) Callback phase initiated.
I, [2015-09-14T10:11:52.290264 #3013]  INFO -- omniauth: (cas) Request phase initiated.
I, [2015-09-14T10:12:04.439483 #3013]  INFO -- omniauth: (cas) Callback phase initiated.
I, [2015-09-14T11:45:39.475092 #3013]  INFO -- omniauth: (cas) Request phase initiated.
I, [2015-09-14T11:45:58.142139 #3013]  INFO -- omniauth: (cas) Callback phase initiated.
I, [2015-09-15T16:24:04.585833 #3019]  INFO -- omniauth: (cas) Request phase initiated.
I, [2015-09-15T16:24:14.768190 #3019]  INFO -- omniauth: (cas) Callback phase initiated.
